<?xml version="1.0" encoding="UTF-8"?>
<testng-results skipped="0" failed="0" ignored="0" total="1" passed="1">
  <reporter-output>
    <line>
      <![CDATA[http://localhost]]>
    </line>
  </reporter-output>
  <suite name="Default suite" duration-ms="6987" started-at="2017-10-13T04:36:30Z" finished-at="2017-10-13T04:36:37Z">
    <groups>
    </groups>
    <test name="Default test" duration-ms="6987" started-at="2017-10-13T04:36:30Z" finished-at="2017-10-13T04:36:37Z">
      <class name="test.LoginTest">
        <test-method status="PASS" signature="test()[pri:0, instance:test.LoginTest@d2cc05a]" name="test" duration-ms="6959" started-at="2017-10-13T10:06:30Z" finished-at="2017-10-13T10:06:37Z">
          <reporter-output>
            <line>
              <![CDATA[http://localhost]]>
            </line>
          </reporter-output>
        </test-method> <!-- test -->
      </class> <!-- test.LoginTest -->
    </test> <!-- Default test -->
  </suite> <!-- Default suite -->
</testng-results>
